
Circuit 1 cell sky130_fd_pr__pfet_01v8 and Circuit 2 cell sky130_fd_pr__pfet_01v8 are black boxes.
Equate elements:  no current cell.
Device classes sky130_fd_pr__pfet_01v8 and sky130_fd_pr__pfet_01v8 are equivalent.

Circuit 1 cell sky130_fd_pr__nfet_01v8 and Circuit 2 cell sky130_fd_pr__nfet_01v8 are black boxes.
Equate elements:  no current cell.
Device classes sky130_fd_pr__nfet_01v8 and sky130_fd_pr__nfet_01v8 are equivalent.

Subcircuit summary:
Circuit 1: mem_lvs.spice                   |Circuit 2: memristor_emulator.spice        
-------------------------------------------|-------------------------------------------
sky130_fd_pr__pfet_01v8 (2)                |sky130_fd_pr__pfet_01v8 (2)                
sky130_fd_pr__nfet_01v8 (2)                |sky130_fd_pr__nfet_01v8 (2)                
Number of devices: 4                       |Number of devices: 4                       
Number of nets: 5 **Mismatch**             |Number of nets: 4 **Mismatch**             
---------------------------------------------------------------------------------------
NET mismatches: Class fragments follow (with fanout counts):
Circuit 1: mem_lvs.spice                   |Circuit 2: memristor_emulator.spice        

---------------------------------------------------------------------------------------
Net: B                                     |Net: B                                     
  sky130_fd_pr__pfet_01v8/(1|3) = 1        |  sky130_fd_pr__pfet_01v8/(1|3) = 2        
  sky130_fd_pr__pfet_01v8/4 = 1            |  sky130_fd_pr__pfet_01v8/4 = 1            
  sky130_fd_pr__nfet_01v8/2 = 1            |  sky130_fd_pr__nfet_01v8/2 = 1            
                                           |  sky130_fd_pr__pfet_01v8/2 = 1            
                                           |                                           
Net: A                                     |(no matching net)                          
  sky130_fd_pr__pfet_01v8/(1|3) = 1        |                                           
  sky130_fd_pr__pfet_01v8/2 = 1            |                                           
---------------------------------------------------------------------------------------
Netlists do not match.
Cells have no pins;  pin matching not needed.
Device classes mem_lvs.spice and memristor_emulator.spice are equivalent.

Final result: Netlists do not match.
